<?xml version="1.0" encoding="UTF-8"?>
<!-- Generated by org.testng.reporters.JUnitReportReporter -->
<testsuite skipped="0" hostname="Bikashs-MacBook-Pro.local" name="testCases.HomePageTest" tests="1" failures="0" timestamp="2021-03-14T23:58:25 MDT" time="4.077" errors="0">
  <testcase name="validateAddCategory" time="4.077" classname="testCases.HomePageTest"/>
  <system-out/>
</testsuite> <!-- testCases.HomePageTest -->
