<?xml version="1.0" encoding="UTF-8"?>
<!-- Generated by org.testng.reporters.JUnitReportReporter -->
<testsuite skipped="0" hostname="Bikashs-MacBook-Pro.local" name="testCases.HomePageTestNG" tests="1" failures="0" timestamp="2021-04-16T20:44:27 MDT" time="1.061" errors="0">
  <testcase name="verifyDuplicateCategory" time="1.061" classname="testCases.HomePageTestNG"/>
  <system-out/>
</testsuite> <!-- testCases.HomePageTestNG -->
